0 info it worked if it ends with ok
1 verbose cli [ '/Users/kdtm/.nodebrew/current/bin/node',
1 verbose cli   '/Users/kdtm/.nodebrew/current/bin/npm',
1 verbose cli   'install' ]
2 info using npm@1.3.21
3 info using node@v0.10.24
4 verbose node symlink /Users/kdtm/.nodebrew/current/bin/node
5 warn package.json wikifront@0.0.0 No description
6 warn package.json wikifront@0.0.0 No repository field.
7 verbose readDependencies using package.json deps
8 verbose install where, deps [ '/Users/kdtm/Documents/reborn/wiki-front',
8 verbose install   [ 'ng-tags-input',
8 verbose install     'grunt',
8 verbose install     'grunt-autoprefixer',
8 verbose install     'grunt-bower-install',
8 verbose install     'grunt-concurrent',
8 verbose install     'grunt-contrib-clean',
8 verbose install     'grunt-contrib-coffee',
8 verbose install     'grunt-contrib-compass',
8 verbose install     'grunt-contrib-concat',
8 verbose install     'grunt-contrib-connect',
8 verbose install     'grunt-contrib-copy',
8 verbose install     'grunt-contrib-cssmin',
8 verbose install     'grunt-contrib-htmlmin',
8 verbose install     'grunt-contrib-imagemin',
8 verbose install     'grunt-contrib-jshint',
8 verbose install     'grunt-contrib-uglify',
8 verbose install     'grunt-contrib-watch',
8 verbose install     'grunt-google-cdn',
8 verbose install     'grunt-newer',
8 verbose install     'grunt-ngmin',
8 verbose install     'grunt-rev',
8 verbose install     'grunt-svgmin',
8 verbose install     'grunt-usemin',
8 verbose install     'jshint-stylish',
8 verbose install     'load-grunt-tasks',
8 verbose install     'time-grunt',
8 verbose install     'karma-ng-scenario',
8 verbose install     'grunt-karma',
8 verbose install     'karma',
8 verbose install     'karma-ng-html2js-preprocessor' ] ]
9 info preinstall wikifront@0.0.0
10 verbose readDependencies using package.json deps
11 verbose already installed skipping grunt-autoprefixer@~0.4.0 /Users/kdtm/Documents/reborn/wiki-front
12 verbose already installed skipping grunt-bower-install@~0.7.0 /Users/kdtm/Documents/reborn/wiki-front
13 verbose already installed skipping grunt-concurrent@~0.4.1 /Users/kdtm/Documents/reborn/wiki-front
14 verbose already installed skipping grunt-contrib-clean@~0.5.0 /Users/kdtm/Documents/reborn/wiki-front
15 verbose already installed skipping grunt-contrib-coffee@~0.7.0 /Users/kdtm/Documents/reborn/wiki-front
16 verbose already installed skipping grunt-contrib-compass@~0.6.0 /Users/kdtm/Documents/reborn/wiki-front
17 verbose already installed skipping grunt-contrib-concat@~0.3.0 /Users/kdtm/Documents/reborn/wiki-front
18 verbose already installed skipping grunt-contrib-connect@~0.5.0 /Users/kdtm/Documents/reborn/wiki-front
19 verbose already installed skipping grunt-contrib-copy@~0.4.1 /Users/kdtm/Documents/reborn/wiki-front
20 verbose already installed skipping grunt-contrib-htmlmin@~0.1.3 /Users/kdtm/Documents/reborn/wiki-front
21 verbose already installed skipping grunt-contrib-cssmin@~0.7.0 /Users/kdtm/Documents/reborn/wiki-front
22 verbose already installed skipping grunt-contrib-imagemin@~0.3.0 /Users/kdtm/Documents/reborn/wiki-front
23 verbose already installed skipping grunt-contrib-jshint@~0.7.1 /Users/kdtm/Documents/reborn/wiki-front
24 verbose already installed skipping grunt-contrib-watch@~0.5.2 /Users/kdtm/Documents/reborn/wiki-front
25 verbose already installed skipping grunt-contrib-uglify@~0.2.0 /Users/kdtm/Documents/reborn/wiki-front
26 verbose already installed skipping grunt-google-cdn@~0.2.0 /Users/kdtm/Documents/reborn/wiki-front
27 verbose already installed skipping grunt-ngmin@~0.0.2 /Users/kdtm/Documents/reborn/wiki-front
28 verbose already installed skipping grunt-newer@~0.5.4 /Users/kdtm/Documents/reborn/wiki-front
29 verbose already installed skipping grunt-rev@~0.1.0 /Users/kdtm/Documents/reborn/wiki-front
30 verbose already installed skipping grunt-svgmin@~0.2.0 /Users/kdtm/Documents/reborn/wiki-front
31 verbose already installed skipping jshint-stylish@~0.1.3 /Users/kdtm/Documents/reborn/wiki-front
32 verbose already installed skipping grunt-usemin@~2.0.0 /Users/kdtm/Documents/reborn/wiki-front
33 verbose already installed skipping load-grunt-tasks@~0.2.0 /Users/kdtm/Documents/reborn/wiki-front
34 verbose already installed skipping time-grunt@~0.2.1 /Users/kdtm/Documents/reborn/wiki-front
35 verbose already installed skipping karma-ng-scenario@~0.1.0 /Users/kdtm/Documents/reborn/wiki-front
36 verbose already installed skipping grunt-karma@~0.10.1 /Users/kdtm/Documents/reborn/wiki-front
37 verbose already installed skipping karma@~0.12.31 /Users/kdtm/Documents/reborn/wiki-front
38 verbose already installed skipping ng-tags-input@~2.3.0 /Users/kdtm/Documents/reborn/wiki-front
39 verbose already installed skipping karma-ng-html2js-preprocessor@~0.1.2 /Users/kdtm/Documents/reborn/wiki-front
40 verbose already installed skipping grunt@~0.4.1 /Users/kdtm/Documents/reborn/wiki-front
41 silly resolved []
42 info build /Users/kdtm/Documents/reborn/wiki-front
43 verbose linkStuff [ false, false, false, '/Users/kdtm/Documents/reborn' ]
44 info linkStuff wikifront@0.0.0
45 verbose linkBins wikifront@0.0.0
46 verbose linkMans wikifront@0.0.0
47 verbose rebuildBundles wikifront@0.0.0
48 verbose rebuildBundles [ '.bin',
48 verbose rebuildBundles   'grunt',
48 verbose rebuildBundles   'grunt-autoprefixer',
48 verbose rebuildBundles   'grunt-bower-install',
48 verbose rebuildBundles   'grunt-concurrent',
48 verbose rebuildBundles   'grunt-contrib-clean',
48 verbose rebuildBundles   'grunt-contrib-coffee',
48 verbose rebuildBundles   'grunt-contrib-compass',
48 verbose rebuildBundles   'grunt-contrib-concat',
48 verbose rebuildBundles   'grunt-contrib-connect',
48 verbose rebuildBundles   'grunt-contrib-copy',
48 verbose rebuildBundles   'grunt-contrib-cssmin',
48 verbose rebuildBundles   'grunt-contrib-htmlmin',
48 verbose rebuildBundles   'grunt-contrib-imagemin',
48 verbose rebuildBundles   'grunt-contrib-jshint',
48 verbose rebuildBundles   'grunt-contrib-uglify',
48 verbose rebuildBundles   'grunt-contrib-watch',
48 verbose rebuildBundles   'grunt-google-cdn',
48 verbose rebuildBundles   'grunt-haml',
48 verbose rebuildBundles   'grunt-karma',
48 verbose rebuildBundles   'grunt-newer',
48 verbose rebuildBundles   'grunt-ngmin',
48 verbose rebuildBundles   'grunt-replace',
48 verbose rebuildBundles   'grunt-rev',
48 verbose rebuildBundles   'grunt-svgmin',
48 verbose rebuildBundles   'grunt-usemin',
48 verbose rebuildBundles   'jshint-stylish',
48 verbose rebuildBundles   'karma',
48 verbose rebuildBundles   'karma-ng-html2js-preprocessor',
48 verbose rebuildBundles   'karma-ng-scenario',
48 verbose rebuildBundles   'load-grunt-tasks',
48 verbose rebuildBundles   'ng-storage',
48 verbose rebuildBundles   'ng-tags-input',
48 verbose rebuildBundles   'time-grunt' ]
49 verbose rebuild bundle /Users/kdtm/Documents/reborn/wiki-front/node_modules/grunt-haml
50 info build /Users/kdtm/Documents/reborn/wiki-front/node_modules/grunt-haml
51 info preinstall grunt-haml@0.9.0
52 verbose linkStuff [ false,
52 verbose linkStuff   false,
52 verbose linkStuff   false,
52 verbose linkStuff   '/Users/kdtm/Documents/reborn/wiki-front/node_modules' ]
53 info linkStuff grunt-haml@0.9.0
54 verbose linkBins grunt-haml@0.9.0
55 verbose linkMans grunt-haml@0.9.0
56 verbose rebuildBundles grunt-haml@0.9.0
57 info install grunt-haml@0.9.0
58 info postinstall grunt-haml@0.9.0
59 verbose rebuild bundle /Users/kdtm/Documents/reborn/wiki-front/node_modules/grunt-replace
60 info build /Users/kdtm/Documents/reborn/wiki-front/node_modules/grunt-replace
61 info preinstall grunt-replace@0.8.0
62 verbose linkStuff [ false,
62 verbose linkStuff   false,
62 verbose linkStuff   false,
62 verbose linkStuff   '/Users/kdtm/Documents/reborn/wiki-front/node_modules' ]
63 info linkStuff grunt-replace@0.8.0
64 verbose linkBins grunt-replace@0.8.0
65 verbose linkMans grunt-replace@0.8.0
66 verbose rebuildBundles grunt-replace@0.8.0
67 verbose rebuildBundles [ 'applause', 'chalk' ]
68 info install grunt-replace@0.8.0
69 info postinstall grunt-replace@0.8.0
70 verbose rebuild bundle /Users/kdtm/Documents/reborn/wiki-front/node_modules/ng-storage
71 info build /Users/kdtm/Documents/reborn/wiki-front/node_modules/ng-storage
72 info preinstall ng-storage@0.3.2
73 verbose linkStuff [ false,
73 verbose linkStuff   false,
73 verbose linkStuff   false,
73 verbose linkStuff   '/Users/kdtm/Documents/reborn/wiki-front/node_modules' ]
74 info linkStuff ng-storage@0.3.2
75 verbose linkBins ng-storage@0.3.2
76 verbose linkMans ng-storage@0.3.2
77 verbose rebuildBundles ng-storage@0.3.2
78 verbose rebuildBundles [ '.bin',
78 verbose rebuildBundles   'grunt-cli',
78 verbose rebuildBundles   'grunt-karma',
78 verbose rebuildBundles   'karma',
78 verbose rebuildBundles   'karma-chrome-launcher',
78 verbose rebuildBundles   'karma-coffee-preprocessor',
78 verbose rebuildBundles   'karma-firefox-launcher',
78 verbose rebuildBundles   'karma-html2js-preprocessor',
78 verbose rebuildBundles   'karma-jasmine',
78 verbose rebuildBundles   'karma-mocha',
78 verbose rebuildBundles   'karma-phantomjs-launcher',
78 verbose rebuildBundles   'karma-requirejs',
78 verbose rebuildBundles   'karma-script-launcher',
78 verbose rebuildBundles   'mocha',
78 verbose rebuildBundles   'requirejs' ]
79 verbose rebuild bundle /Users/kdtm/Documents/reborn/wiki-front/node_modules/ng-storage/node_modules/mocha
80 info build /Users/kdtm/Documents/reborn/wiki-front/node_modules/ng-storage/node_modules/mocha
81 info preinstall mocha@2.2.1
82 verbose linkStuff [ false,
82 verbose linkStuff   false,
82 verbose linkStuff   false,
82 verbose linkStuff   '/Users/kdtm/Documents/reborn/wiki-front/node_modules/ng-storage/node_modules' ]
83 info linkStuff mocha@2.2.1
84 verbose linkBins mocha@2.2.1
85 verbose link bins [ { mocha: './bin/mocha', _mocha: './bin/_mocha' },
85 verbose link bins   '/Users/kdtm/Documents/reborn/wiki-front/node_modules/ng-storage/node_modules/.bin',
85 verbose link bins   false ]
86 verbose linkMans mocha@2.2.1
87 verbose rebuildBundles mocha@2.2.1
88 verbose rebuildBundles [ '.bin',
88 verbose rebuildBundles   'commander',
88 verbose rebuildBundles   'debug',
88 verbose rebuildBundles   'diff',
88 verbose rebuildBundles   'escape-string-regexp',
88 verbose rebuildBundles   'glob',
88 verbose rebuildBundles   'growl',
88 verbose rebuildBundles   'jade',
88 verbose rebuildBundles   'mkdirp',
88 verbose rebuildBundles   'supports-color' ]
89 info install mocha@2.2.1
90 info postinstall mocha@2.2.1
91 info install ng-storage@0.3.2
92 info postinstall ng-storage@0.3.2
93 info install wikifront@0.0.0
94 info postinstall wikifront@0.0.0
95 info prepublish wikifront@0.0.0
96 error peerinvalid The package karma does not satisfy its siblings' peerDependencies requirements!
96 error peerinvalid Peer grunt-karma@0.7.3 wants karma@~0.12.0
96 error peerinvalid Peer karma-firefox-launcher@0.1.4 wants karma@>=0.9
96 error peerinvalid Peer karma-html2js-preprocessor@0.1.0 wants karma@>=0.9
96 error peerinvalid Peer karma-chrome-launcher@0.1.7 wants karma@>=0.9.3
96 error peerinvalid Peer karma-coffee-preprocessor@0.1.3 wants karma@>=0.9
96 error peerinvalid Peer karma-mocha@0.1.10 wants karma@>=0.12.8
96 error peerinvalid Peer karma-script-launcher@0.1.0 wants karma@>=0.9
96 error peerinvalid Peer karma-phantomjs-launcher@0.1.4 wants karma@>=0.9
96 error peerinvalid Peer karma-jasmine@0.1.5 wants karma@>=0.9
96 error peerinvalid Peer karma-requirejs@0.2.2 wants karma@>=0.9
97 error System Darwin 12.5.0
98 error command "/Users/kdtm/.nodebrew/current/bin/node" "/Users/kdtm/.nodebrew/current/bin/npm" "install"
99 error cwd /Users/kdtm/Documents/reborn/wiki-front
100 error node -v v0.10.24
101 error npm -v 1.3.21
102 error code EPEERINVALID
103 verbose exit [ 1, true ]
